Determining if the function sgemm_ exists failed with the following output:
Change Dir: /mnt/c/Users/USER/Desktop/g2o-master/g2o-master/build/CMakeFiles/CMakeTmp

Run Build Command(s):/usr/bin/gmake -f Makefile cmTC_68712/fast && /usr/bin/gmake  -f CMakeFiles/cmTC_68712.dir/build.make CMakeFiles/cmTC_68712.dir/build
gmake[1]: Entering directory '/mnt/c/Users/USER/Desktop/g2o-master/g2o-master/build/CMakeFiles/CMakeTmp'
Building C object CMakeFiles/cmTC_68712.dir/CheckFunctionExists.c.o
/usr/bin/aarch64-linux-gnu-gcc   -DCHECK_FUNCTION_EXISTS=sgemm_ -o CMakeFiles/cmTC_68712.dir/CheckFunctionExists.c.o -c /usr/share/cmake-3.22/Modules/CheckFunctionExists.c
Linking C executable cmTC_68712
/usr/bin/cmake -E cmake_link_script CMakeFiles/cmTC_68712.dir/link.txt --verbose=1
/usr/bin/aarch64-linux-gnu-gcc  -DCHECK_FUNCTION_EXISTS=sgemm_ CMakeFiles/cmTC_68712.dir/CheckFunctionExists.c.o -o cmTC_68712 
/usr/lib/gcc-cross/aarch64-linux-gnu/11/../../../../aarch64-linux-gnu/bin/ld: CMakeFiles/cmTC_68712.dir/CheckFunctionExists.c.o: in function `main':
CheckFunctionExists.c:(.text+0x10): undefined reference to `sgemm_'
collect2: error: ld returned 1 exit status
gmake[1]: *** [CMakeFiles/cmTC_68712.dir/build.make:99: cmTC_68712] Error 1
gmake[1]: Leaving directory '/mnt/c/Users/USER/Desktop/g2o-master/g2o-master/build/CMakeFiles/CMakeTmp'
gmake: *** [Makefile:127: cmTC_68712/fast] Error 2



Performing C++ SOURCE FILE Test SSE2_AVAILABLE failed with the following output:
Change Dir: /mnt/c/Users/USER/Desktop/g2o-master/g2o-master/build/CMakeFiles/CMakeTmp

Run Build Command(s):/usr/bin/gmake -f Makefile cmTC_fc9e0/fast && /usr/bin/gmake  -f CMakeFiles/cmTC_fc9e0.dir/build.make CMakeFiles/cmTC_fc9e0.dir/build
gmake[1]: Entering directory '/mnt/c/Users/USER/Desktop/g2o-master/g2o-master/build/CMakeFiles/CMakeTmp'
Building CXX object CMakeFiles/cmTC_fc9e0.dir/src.cxx.o
/usr/bin/aarch64-linux-gnu-g++ -DSSE2_AVAILABLE  -msse2 -o CMakeFiles/cmTC_fc9e0.dir/src.cxx.o -c /mnt/c/Users/USER/Desktop/g2o-master/g2o-master/build/CMakeFiles/CMakeTmp/src.cxx
aarch64-linux-gnu-g++: error: unrecognized command-line option '-msse2'
gmake[1]: *** [CMakeFiles/cmTC_fc9e0.dir/build.make:78: CMakeFiles/cmTC_fc9e0.dir/src.cxx.o] Error 1
gmake[1]: Leaving directory '/mnt/c/Users/USER/Desktop/g2o-master/g2o-master/build/CMakeFiles/CMakeTmp'
gmake: *** [Makefile:127: cmTC_fc9e0/fast] Error 2


Source file was:
int main() { return 0; }
Performing C++ SOURCE FILE Test SSE3_AVAILABLE failed with the following output:
Change Dir: /mnt/c/Users/USER/Desktop/g2o-master/g2o-master/build/CMakeFiles/CMakeTmp

Run Build Command(s):/usr/bin/gmake -f Makefile cmTC_97b9f/fast && /usr/bin/gmake  -f CMakeFiles/cmTC_97b9f.dir/build.make CMakeFiles/cmTC_97b9f.dir/build
gmake[1]: Entering directory '/mnt/c/Users/USER/Desktop/g2o-master/g2o-master/build/CMakeFiles/CMakeTmp'
Building CXX object CMakeFiles/cmTC_97b9f.dir/src.cxx.o
/usr/bin/aarch64-linux-gnu-g++ -DSSE3_AVAILABLE  -msse3 -o CMakeFiles/cmTC_97b9f.dir/src.cxx.o -c /mnt/c/Users/USER/Desktop/g2o-master/g2o-master/build/CMakeFiles/CMakeTmp/src.cxx
aarch64-linux-gnu-g++: error: unrecognized command-line option '-msse3'
gmake[1]: *** [CMakeFiles/cmTC_97b9f.dir/build.make:78: CMakeFiles/cmTC_97b9f.dir/src.cxx.o] Error 1
gmake[1]: Leaving directory '/mnt/c/Users/USER/Desktop/g2o-master/g2o-master/build/CMakeFiles/CMakeTmp'
gmake: *** [Makefile:127: cmTC_97b9f/fast] Error 2


Source file was:
int main() { return 0; }
Performing C++ SOURCE FILE Test SSSE3_AVAILABLE failed with the following output:
Change Dir: /mnt/c/Users/USER/Desktop/g2o-master/g2o-master/build/CMakeFiles/CMakeTmp

Run Build Command(s):/usr/bin/gmake -f Makefile cmTC_6de41/fast && /usr/bin/gmake  -f CMakeFiles/cmTC_6de41.dir/build.make CMakeFiles/cmTC_6de41.dir/build
gmake[1]: Entering directory '/mnt/c/Users/USER/Desktop/g2o-master/g2o-master/build/CMakeFiles/CMakeTmp'
Building CXX object CMakeFiles/cmTC_6de41.dir/src.cxx.o
/usr/bin/aarch64-linux-gnu-g++ -DSSSE3_AVAILABLE  -mssse3 -o CMakeFiles/cmTC_6de41.dir/src.cxx.o -c /mnt/c/Users/USER/Desktop/g2o-master/g2o-master/build/CMakeFiles/CMakeTmp/src.cxx
aarch64-linux-gnu-g++: error: unrecognized command-line option '-mssse3'
gmake[1]: *** [CMakeFiles/cmTC_6de41.dir/build.make:78: CMakeFiles/cmTC_6de41.dir/src.cxx.o] Error 1
gmake[1]: Leaving directory '/mnt/c/Users/USER/Desktop/g2o-master/g2o-master/build/CMakeFiles/CMakeTmp'
gmake: *** [Makefile:127: cmTC_6de41/fast] Error 2


Source file was:
int main() { return 0; }
Performing C++ SOURCE FILE Test SSE41_AVAILABLE failed with the following output:
Change Dir: /mnt/c/Users/USER/Desktop/g2o-master/g2o-master/build/CMakeFiles/CMakeTmp

Run Build Command(s):/usr/bin/gmake -f Makefile cmTC_58578/fast && /usr/bin/gmake  -f CMakeFiles/cmTC_58578.dir/build.make CMakeFiles/cmTC_58578.dir/build
gmake[1]: Entering directory '/mnt/c/Users/USER/Desktop/g2o-master/g2o-master/build/CMakeFiles/CMakeTmp'
Building CXX object CMakeFiles/cmTC_58578.dir/src.cxx.o
/usr/bin/aarch64-linux-gnu-g++ -DSSE41_AVAILABLE  -msse4.1 -o CMakeFiles/cmTC_58578.dir/src.cxx.o -c /mnt/c/Users/USER/Desktop/g2o-master/g2o-master/build/CMakeFiles/CMakeTmp/src.cxx
aarch64-linux-gnu-g++: error: unrecognized command-line option '-msse4.1'
gmake[1]: *** [CMakeFiles/cmTC_58578.dir/build.make:78: CMakeFiles/cmTC_58578.dir/src.cxx.o] Error 1
gmake[1]: Leaving directory '/mnt/c/Users/USER/Desktop/g2o-master/g2o-master/build/CMakeFiles/CMakeTmp'
gmake: *** [Makefile:127: cmTC_58578/fast] Error 2


Source file was:
int main() { return 0; }
Performing C++ SOURCE FILE Test SSE42_AVAILABLE failed with the following output:
Change Dir: /mnt/c/Users/USER/Desktop/g2o-master/g2o-master/build/CMakeFiles/CMakeTmp

Run Build Command(s):/usr/bin/gmake -f Makefile cmTC_11914/fast && /usr/bin/gmake  -f CMakeFiles/cmTC_11914.dir/build.make CMakeFiles/cmTC_11914.dir/build
gmake[1]: Entering directory '/mnt/c/Users/USER/Desktop/g2o-master/g2o-master/build/CMakeFiles/CMakeTmp'
Building CXX object CMakeFiles/cmTC_11914.dir/src.cxx.o
/usr/bin/aarch64-linux-gnu-g++ -DSSE42_AVAILABLE  -msse4.2 -o CMakeFiles/cmTC_11914.dir/src.cxx.o -c /mnt/c/Users/USER/Desktop/g2o-master/g2o-master/build/CMakeFiles/CMakeTmp/src.cxx
aarch64-linux-gnu-g++: error: unrecognized command-line option '-msse4.2'
gmake[1]: *** [CMakeFiles/cmTC_11914.dir/build.make:78: CMakeFiles/cmTC_11914.dir/src.cxx.o] Error 1
gmake[1]: Leaving directory '/mnt/c/Users/USER/Desktop/g2o-master/g2o-master/build/CMakeFiles/CMakeTmp'
gmake: *** [Makefile:127: cmTC_11914/fast] Error 2


Source file was:
int main() { return 0; }
